{"total": {"lines":{"total":254,"covered":166,"skipped":0,"pct":65.35},"statements":{"total":255,"covered":167,"skipped":0,"pct":65.49},"functions":{"total":14,"covered":13,"skipped":0,"pct":92.85},"branches":{"total":140,"covered":77,"skipped":0,"pct":55},"branchesTrue":{"total":0,"covered":0,"skipped":0,"pct":100}}
,"C:\\Projects\\ZechProjects\\FinGuardTemplate\\server.ts": {"lines":{"total":16,"covered":13,"skipped":0,"pct":81.25},"functions":{"total":2,"covered":1,"skipped":0,"pct":50},"statements":{"total":16,"covered":13,"skipped":0,"pct":81.25},"branches":{"total":5,"covered":3,"skipped":0,"pct":60}}
,"C:\\Projects\\ZechProjects\\FinGuardTemplate\\routes\\claims.ts": {"lines":{"total":52,"covered":42,"skipped":0,"pct":80.76},"functions":{"total":1,"covered":1,"skipped":0,"pct":100},"statements":{"total":52,"covered":42,"skipped":0,"pct":80.76},"branches":{"total":29,"covered":18,"skipped":0,"pct":62.06}}
,"C:\\Projects\\ZechProjects\\FinGuardTemplate\\services\\fraudEngine.ts": {"lines":{"total":149,"covered":77,"skipped":0,"pct":51.67},"functions":{"total":1,"covered":1,"skipped":0,"pct":100},"statements":{"total":149,"covered":77,"skipped":0,"pct":51.67},"branches":{"total":102,"covered":53,"skipped":0,"pct":51.96}}
,"C:\\Projects\\ZechProjects\\FinGuardTemplate\\services\\policyDb.ts": {"lines":{"total":27,"covered":24,"skipped":0,"pct":88.88},"functions":{"total":8,"covered":8,"skipped":0,"pct":100},"statements":{"total":27,"covered":24,"skipped":0,"pct":88.88},"branches":{"total":4,"covered":3,"skipped":0,"pct":75}}
,"C:\\Projects\\ZechProjects\\FinGuardTemplate\\services\\summarization.ts": {"lines":{"total":10,"covered":10,"skipped":0,"pct":100},"functions":{"total":2,"covered":2,"skipped":0,"pct":100},"statements":{"total":11,"covered":11,"skipped":0,"pct":100},"branches":{"total":0,"covered":0,"skipped":0,"pct":100}}
}
