TN:
SF:server.ts
FN:16,(anonymous_1)
FN:23,(anonymous_2)
FNF:2
FNH:1
FNDA:1,(anonymous_1)
FNDA:0,(anonymous_2)
DA:1,1
DA:2,1
DA:3,1
DA:4,1
DA:6,1
DA:7,1
DA:9,1
DA:13,1
DA:14,1
DA:16,1
DA:17,1
DA:20,1
DA:22,1
DA:23,0
DA:24,0
DA:25,0
LF:16
LH:13
BRDA:7,0,0,1
BRDA:7,0,1,1
BRDA:9,1,0,1
BRDA:9,1,1,0
BRDA:22,2,0,0
BRF:5
BRH:3
end_of_record
TN:
SF:routes\claims.ts
FN:29,(anonymous_0)
FNF:1
FNH:1
FNDA:5,(anonymous_0)
DA:1,1
DA:2,1
DA:3,1
DA:4,1
DA:6,1
DA:29,1
DA:30,5
DA:31,5
DA:33,5
DA:34,1
DA:35,1
DA:39,4
DA:40,4
DA:41,1
DA:42,1
DA:45,3
DA:46,3
DA:47,3
DA:50,3
DA:51,3
DA:53,3
DA:54,0
DA:55,0
DA:58,3
DA:59,0
DA:60,0
DA:63,3
DA:64,0
DA:65,0
DA:69,3
DA:70,3
DA:71,3
DA:72,3
DA:73,0
DA:75,3
DA:76,0
DA:78,3
DA:79,3
DA:80,3
DA:81,0
DA:86,3
DA:97,3
DA:98,1
DA:99,1
DA:100,1
DA:104,3
DA:115,3
DA:116,3
DA:117,3
DA:122,3
DA:134,0
DA:138,1
LF:52
LH:42
BRDA:33,0,0,1
BRDA:33,1,0,5
BRDA:33,1,1,5
BRDA:33,1,2,4
BRDA:40,2,0,1
BRDA:53,3,0,0
BRDA:58,4,0,0
BRDA:63,5,0,0
BRDA:70,6,0,3
BRDA:72,7,0,0
BRDA:75,8,0,0
BRDA:80,9,0,0
BRDA:92,10,0,3
BRDA:92,10,1,0
BRDA:93,11,0,3
BRDA:93,11,1,0
BRDA:94,12,0,3
BRDA:94,12,1,0
BRDA:97,13,0,1
BRDA:97,14,0,3
BRDA:97,14,1,1
BRDA:110,15,0,3
BRDA:110,15,1,0
BRDA:111,16,0,3
BRDA:111,16,1,0
BRDA:115,17,0,2
BRDA:115,17,1,1
BRDA:127,18,0,2
BRDA:127,18,1,1
BRF:29
BRH:18
end_of_record
TN:
SF:services\fraudEngine.ts
FN:22,analyzeClaimForFraud
FNF:1
FNH:1
FNDA:12,analyzeClaimForFraud
DA:22,2
DA:23,12
DA:24,12
DA:25,12
DA:26,12
DA:27,12
DA:28,12
DA:29,12
DA:30,12
DA:32,12
DA:33,12
DA:34,10
DA:35,4
DA:36,4
DA:37,3
DA:38,3
DA:39,1
DA:40,1
DA:41,1
DA:43,2
DA:44,1
DA:45,1
DA:46,1
DA:47,1
DA:48,1
DA:49,1
DA:50,1
DA:51,1
DA:52,1
DA:53,1
DA:54,1
DA:59,0
DA:60,0
DA:63,1
DA:64,1
DA:65,1
DA:66,1
DA:68,0
DA:69,0
DA:74,0
DA:75,0
DA:76,0
DA:77,0
DA:78,0
DA:79,0
DA:80,0
DA:81,0
DA:82,0
DA:83,0
DA:84,0
DA:85,0
DA:87,0
DA:88,0
DA:91,0
DA:96,0
DA:97,0
DA:102,1
DA:103,1
DA:104,0
DA:105,0
DA:106,0
DA:107,0
DA:108,0
DA:109,0
DA:111,0
DA:112,0
DA:113,0
DA:114,0
DA:116,0
DA:117,0
DA:118,0
DA:119,0
DA:125,1
DA:126,1
DA:127,1
DA:128,1
DA:129,1
DA:130,1
DA:131,1
DA:132,1
DA:133,1
DA:134,1
DA:135,1
DA:136,0
DA:137,0
DA:138,0
DA:139,0
DA:141,0
DA:142,0
DA:144,0
DA:145,0
DA:147,0
DA:155,0
DA:156,0
DA:157,0
DA:158,0
DA:169,6
DA:170,6
DA:171,3
DA:172,3
DA:173,0
DA:174,0
DA:175,0
DA:176,0
DA:177,0
DA:178,0
DA:179,0
DA:180,0
DA:181,0
DA:182,0
DA:183,0
DA:184,0
DA:185,0
DA:186,0
DA:194,3
DA:195,0
DA:196,0
DA:197,0
DA:199,3
DA:200,3
DA:201,3
DA:205,3
DA:206,3
DA:207,3
DA:208,3
DA:209,3
DA:210,3
DA:211,2
DA:212,2
DA:213,2
DA:215,1
DA:216,0
DA:217,0
DA:218,0
DA:228,2
DA:229,2
DA:230,2
DA:231,2
DA:237,12
DA:238,8
DA:239,0
DA:240,0
DA:243,4
DA:244,4
DA:245,0
DA:246,0
DA:251,12
DA:252,1
DA:255,12
LF:149
LH:77
BRDA:32,0,0,12
BRDA:33,1,0,10
BRDA:33,1,1,2
BRDA:34,2,0,4
BRDA:34,2,1,6
BRDA:36,3,0,3
BRDA:36,3,1,1
BRDA:37,4,0,3
BRDA:37,4,1,0
BRDA:38,5,0,1
BRDA:38,5,1,2
BRDA:43,6,0,1
BRDA:43,6,1,1
BRDA:45,7,0,1
BRDA:45,7,1,0
BRDA:49,8,0,1
BRDA:51,9,0,1
BRDA:53,10,0,1
BRDA:63,11,0,1
BRDA:63,11,1,0
BRDA:74,12,0,0
BRDA:75,13,0,0
BRDA:75,13,1,0
BRDA:79,14,0,0
BRDA:79,15,0,0
BRDA:79,15,1,0
BRDA:80,16,0,0
BRDA:81,17,0,0
BRDA:81,17,1,0
BRDA:83,18,0,0
BRDA:83,18,1,0
BRDA:102,19,0,1
BRDA:103,20,0,0
BRDA:103,20,1,1
BRDA:105,21,0,0
BRDA:106,22,0,0
BRDA:106,22,1,0
BRDA:111,23,0,0
BRDA:114,24,0,0
BRDA:125,25,0,1
BRDA:126,26,0,1
BRDA:126,27,0,1
BRDA:126,27,1,1
BRDA:130,28,0,1
BRDA:131,29,0,1
BRDA:131,29,1,0
BRDA:132,30,0,1
BRDA:133,31,0,1
BRDA:135,32,0,0
BRDA:137,33,0,0
BRDA:137,33,1,0
BRDA:141,34,0,0
BRDA:141,34,1,0
BRDA:144,35,0,0
BRDA:144,35,1,0
BRDA:147,36,0,0
BRDA:147,36,1,0
BRDA:155,37,0,0
BRDA:157,38,0,0
BRDA:169,39,0,6
BRDA:170,40,0,3
BRDA:170,40,1,3
BRDA:170,41,0,6
BRDA:170,41,1,6
BRDA:172,42,0,0
BRDA:172,42,1,3
BRDA:173,43,0,0
BRDA:177,44,0,0
BRDA:178,45,0,0
BRDA:180,46,0,0
BRDA:181,47,0,0
BRDA:181,48,0,0
BRDA:181,48,1,0
BRDA:185,49,0,0
BRDA:194,50,0,0
BRDA:194,50,1,3
BRDA:205,51,0,3
BRDA:209,52,0,3
BRDA:209,53,0,3
BRDA:209,53,1,1
BRDA:209,53,2,1
BRDA:210,54,0,2
BRDA:210,54,1,1
BRDA:210,55,0,3
BRDA:210,55,1,2
BRDA:215,56,0,0
BRDA:215,57,0,1
BRDA:215,57,1,1
BRDA:217,58,0,0
BRDA:228,59,0,2
BRDA:237,60,0,8
BRDA:237,60,1,4
BRDA:238,61,0,0
BRDA:243,62,0,4
BRDA:244,63,0,0
BRDA:246,64,0,0
BRDA:246,64,1,0
BRDA:251,65,0,1
BRDA:251,66,0,12
BRDA:251,66,1,1
BRDA:258,67,0,12
BRDA:258,67,1,0
BRF:102
BRH:53
end_of_record
TN:
SF:services\policyDb.ts
FN:10,(anonymous_1)
FN:33,getPolicyById
FN:34,(anonymous_3)
FN:38,(anonymous_4)
FN:48,updateClaimStatus
FN:53,(anonymous_6)
FN:57,(anonymous_7)
FN:67,getDbCredentials
FNF:8
FNH:8
FNDA:2,(anonymous_1)
FNDA:7,getPolicyById
FNDA:7,(anonymous_3)
FNDA:7,(anonymous_4)
FNDA:3,updateClaimStatus
FNDA:3,(anonymous_6)
FNDA:3,(anonymous_7)
FNDA:1,getDbCredentials
DA:1,2
DA:4,2
DA:5,2
DA:6,2
DA:8,2
DA:10,2
DA:11,2
DA:21,2
DA:26,2
DA:33,2
DA:34,7
DA:36,7
DA:38,7
DA:39,7
DA:40,0
DA:41,0
DA:43,7
DA:48,2
DA:53,3
DA:55,3
DA:57,3
DA:58,3
DA:59,3
DA:60,3
DA:62,0
DA:67,2
DA:68,1
LF:27
LH:24
BRDA:39,0,0,0
BRDA:43,1,0,7
BRDA:43,1,1,2
BRDA:58,2,0,3
BRF:4
BRH:3
end_of_record
TN:
SF:services\summarization.ts
FN:23,summarizeClaimWithBedrock
FN:44,(anonymous_1)
FNF:2
FNH:2
FNDA:7,summarizeClaimWithBedrock
FNDA:7,(anonymous_1)
DA:18,2
DA:23,2
DA:26,7
DA:38,7
DA:39,7
DA:40,7
DA:41,7
DA:44,7
DA:46,7
DA:49,7
LF:10
LH:10
BRF:0
BRH:0
end_of_record
